C:\xampp\htdocs\accounting\.htaccess
C:\xampp\htdocs\accounting\.htaccess
C:\xampp\htdocs\accounting\api\.htaccess
C:\xampp\htdocs\accounting\api\.htaccess
C:\xampp\htdocs\accounting\api\index.php
C:\xampp\htdocs\accounting\api\index.php
C:\xampp\htdocs\accounting\composer.json
C:\xampp\htdocs\accounting\composer.json
C:\xampp\htdocs\accounting\controllers\AkunController.php
C:\xampp\htdocs\accounting\controllers\ApiController.php
C:\xampp\htdocs\accounting\controllers\ApiController.php
C:\xampp\htdocs\accounting\controllers\AudittrailController.php
C:\xampp\htdocs\accounting\controllers\ControllerBase.php
C:\xampp\htdocs\accounting\controllers\ControllerBase.php
C:\xampp\htdocs\accounting\controllers\GrupController.php
C:\xampp\htdocs\accounting\controllers\GudangController.php
C:\xampp\htdocs\accounting\controllers\HomeController.php
C:\xampp\htdocs\accounting\controllers\JurnalController.php
C:\xampp\htdocs\accounting\controllers\JurnalController.php
C:\xampp\htdocs\accounting\controllers\JurnaldController.php
C:\xampp\htdocs\accounting\controllers\JurnaldController.php
C:\xampp\htdocs\accounting\controllers\JurnalkasController.php
C:\xampp\htdocs\accounting\controllers\JurnalkasdController.php
C:\xampp\htdocs\accounting\controllers\KelompokController.php
C:\xampp\htdocs\accounting\controllers\KlasifikasiController.php
C:\xampp\htdocs\accounting\controllers\KonversiController.php
C:\xampp\htdocs\accounting\controllers\KursController.php
C:\xampp\htdocs\accounting\controllers\MatauangController.php
C:\xampp\htdocs\accounting\controllers\NoteController.php
C:\xampp\htdocs\accounting\controllers\NoteController.php
C:\xampp\htdocs\accounting\controllers\OthersController.php
C:\xampp\htdocs\accounting\controllers\OthersController.php
C:\xampp\htdocs\accounting\controllers\PajakController.php
C:\xampp\htdocs\accounting\controllers\PengirimanController.php
C:\xampp\htdocs\accounting\controllers\PeriodeController.php
C:\xampp\htdocs\accounting\controllers\PersonController.php
C:\xampp\htdocs\accounting\controllers\ProdukController.php
C:\xampp\htdocs\accounting\controllers\SaldoawalController.php
C:\xampp\htdocs\accounting\controllers\SatuanController.php
C:\xampp\htdocs\accounting\controllers\SubgrupController.php
C:\xampp\htdocs\accounting\controllers\TipejurnalController.php
C:\xampp\htdocs\accounting\controllers\TopController.php
C:\xampp\htdocs\accounting\controllers\TosController.php
C:\xampp\htdocs\accounting\controllers\TypeController.php
C:\xampp\htdocs\accounting\css\ewpdf.scss
C:\xampp\htdocs\accounting\css\ewpdf.scss
C:\xampp\htdocs\accounting\css\prj_accounting.scss
C:\xampp\htdocs\accounting\css\prj_accounting.scss
C:\xampp\htdocs\accounting\css\query-builder.scss
C:\xampp\htdocs\accounting\css\query-builder.scss
C:\xampp\htdocs\accounting\css\tabulator_bootstrap5.scss
C:\xampp\htdocs\accounting\css\tabulator_bootstrap5.scss
C:\xampp\htdocs\accounting\css\tempus-dominus.scss
C:\xampp\htdocs\accounting\css\tempus-dominus.scss
C:\xampp\htdocs\accounting\files\index.html
C:\xampp\htdocs\accounting\files\index.html
C:\xampp\htdocs\accounting\index.php
C:\xampp\htdocs\accounting\index.php
C:\xampp\htdocs\accounting\js\eweditor.js
C:\xampp\htdocs\accounting\js\eweditor.js
C:\xampp\htdocs\accounting\js\userevent.js
C:\xampp\htdocs\accounting\js\userevent.js
C:\xampp\htdocs\accounting\js\userfn.js
C:\xampp\htdocs\accounting\js\userfn.js
C:\xampp\htdocs\accounting\log\index.html
C:\xampp\htdocs\accounting\log\index.html
C:\xampp\htdocs\accounting\models\Akun.php
C:\xampp\htdocs\accounting\models\AkunAdd.php
C:\xampp\htdocs\accounting\models\AkunDelete.php
C:\xampp\htdocs\accounting\models\AkunEdit.php
C:\xampp\htdocs\accounting\models\AkunList.php
C:\xampp\htdocs\accounting\models\AkunView.php
C:\xampp\htdocs\accounting\models\Audittrail.php
C:\xampp\htdocs\accounting\models\AudittrailAdd.php
C:\xampp\htdocs\accounting\models\AudittrailDelete.php
C:\xampp\htdocs\accounting\models\AudittrailEdit.php
C:\xampp\htdocs\accounting\models\AudittrailList.php
C:\xampp\htdocs\accounting\models\AudittrailView.php
C:\xampp\htdocs\accounting\models\Grup.php
C:\xampp\htdocs\accounting\models\GrupAdd.php
C:\xampp\htdocs\accounting\models\GrupDelete.php
C:\xampp\htdocs\accounting\models\GrupEdit.php
C:\xampp\htdocs\accounting\models\GrupList.php
C:\xampp\htdocs\accounting\models\GrupView.php
C:\xampp\htdocs\accounting\models\Gudang.php
C:\xampp\htdocs\accounting\models\GudangAdd.php
C:\xampp\htdocs\accounting\models\GudangDelete.php
C:\xampp\htdocs\accounting\models\GudangEdit.php
C:\xampp\htdocs\accounting\models\GudangList.php
C:\xampp\htdocs\accounting\models\GudangView.php
C:\xampp\htdocs\accounting\models\Home.php
C:\xampp\htdocs\accounting\models\Jurnal.php
C:\xampp\htdocs\accounting\models\Jurnal.php
C:\xampp\htdocs\accounting\models\JurnalAdd.php
C:\xampp\htdocs\accounting\models\JurnalAdd.php
C:\xampp\htdocs\accounting\models\JurnalDelete.php
C:\xampp\htdocs\accounting\models\JurnalDelete.php
C:\xampp\htdocs\accounting\models\JurnalEdit.php
C:\xampp\htdocs\accounting\models\JurnalEdit.php
C:\xampp\htdocs\accounting\models\JurnalList.php
C:\xampp\htdocs\accounting\models\JurnalList.php
C:\xampp\htdocs\accounting\models\JurnalView.php
C:\xampp\htdocs\accounting\models\JurnalView.php
C:\xampp\htdocs\accounting\models\Jurnald.php
C:\xampp\htdocs\accounting\models\Jurnald.php
C:\xampp\htdocs\accounting\models\JurnaldAdd.php
C:\xampp\htdocs\accounting\models\JurnaldAdd.php
C:\xampp\htdocs\accounting\models\JurnaldDelete.php
C:\xampp\htdocs\accounting\models\JurnaldDelete.php
C:\xampp\htdocs\accounting\models\JurnaldEdit.php
C:\xampp\htdocs\accounting\models\JurnaldEdit.php
C:\xampp\htdocs\accounting\models\JurnaldGrid.php
C:\xampp\htdocs\accounting\models\JurnaldGrid.php
C:\xampp\htdocs\accounting\models\JurnaldList.php
C:\xampp\htdocs\accounting\models\JurnaldList.php
C:\xampp\htdocs\accounting\models\JurnaldView.php
C:\xampp\htdocs\accounting\models\JurnaldView.php
C:\xampp\htdocs\accounting\models\Jurnalkas.php
C:\xampp\htdocs\accounting\models\JurnalkasAdd.php
C:\xampp\htdocs\accounting\models\JurnalkasDelete.php
C:\xampp\htdocs\accounting\models\JurnalkasEdit.php
C:\xampp\htdocs\accounting\models\JurnalkasList.php
C:\xampp\htdocs\accounting\models\JurnalkasView.php
C:\xampp\htdocs\accounting\models\Jurnalkasd.php
C:\xampp\htdocs\accounting\models\JurnalkasdAdd.php
C:\xampp\htdocs\accounting\models\JurnalkasdDelete.php
C:\xampp\htdocs\accounting\models\JurnalkasdEdit.php
C:\xampp\htdocs\accounting\models\JurnalkasdGrid.php
C:\xampp\htdocs\accounting\models\JurnalkasdList.php
C:\xampp\htdocs\accounting\models\JurnalkasdView.php
C:\xampp\htdocs\accounting\models\Kelompok.php
C:\xampp\htdocs\accounting\models\KelompokAdd.php
C:\xampp\htdocs\accounting\models\KelompokDelete.php
C:\xampp\htdocs\accounting\models\KelompokEdit.php
C:\xampp\htdocs\accounting\models\KelompokList.php
C:\xampp\htdocs\accounting\models\KelompokView.php
C:\xampp\htdocs\accounting\models\Klasifikasi.php
C:\xampp\htdocs\accounting\models\KlasifikasiAdd.php
C:\xampp\htdocs\accounting\models\KlasifikasiDelete.php
C:\xampp\htdocs\accounting\models\KlasifikasiEdit.php
C:\xampp\htdocs\accounting\models\KlasifikasiList.php
C:\xampp\htdocs\accounting\models\KlasifikasiView.php
C:\xampp\htdocs\accounting\models\Konversi.php
C:\xampp\htdocs\accounting\models\KonversiAdd.php
C:\xampp\htdocs\accounting\models\KonversiDelete.php
C:\xampp\htdocs\accounting\models\KonversiEdit.php
C:\xampp\htdocs\accounting\models\KonversiList.php
C:\xampp\htdocs\accounting\models\KonversiView.php
C:\xampp\htdocs\accounting\models\Kurs.php
C:\xampp\htdocs\accounting\models\KursAdd.php
C:\xampp\htdocs\accounting\models\KursDelete.php
C:\xampp\htdocs\accounting\models\KursEdit.php
C:\xampp\htdocs\accounting\models\KursList.php
C:\xampp\htdocs\accounting\models\KursView.php
C:\xampp\htdocs\accounting\models\Matauang.php
C:\xampp\htdocs\accounting\models\MatauangAdd.php
C:\xampp\htdocs\accounting\models\MatauangDelete.php
C:\xampp\htdocs\accounting\models\MatauangEdit.php
C:\xampp\htdocs\accounting\models\MatauangList.php
C:\xampp\htdocs\accounting\models\MatauangView.php
C:\xampp\htdocs\accounting\models\Note.php
C:\xampp\htdocs\accounting\models\Note.php
C:\xampp\htdocs\accounting\models\NoteAdd.php
C:\xampp\htdocs\accounting\models\NoteAdd.php
C:\xampp\htdocs\accounting\models\NoteDelete.php
C:\xampp\htdocs\accounting\models\NoteDelete.php
C:\xampp\htdocs\accounting\models\NoteEdit.php
C:\xampp\htdocs\accounting\models\NoteEdit.php
C:\xampp\htdocs\accounting\models\NoteList.php
C:\xampp\htdocs\accounting\models\NoteList.php
C:\xampp\htdocs\accounting\models\NoteView.php
C:\xampp\htdocs\accounting\models\NoteView.php
C:\xampp\htdocs\accounting\models\Pajak.php
C:\xampp\htdocs\accounting\models\PajakAdd.php
C:\xampp\htdocs\accounting\models\PajakDelete.php
C:\xampp\htdocs\accounting\models\PajakEdit.php
C:\xampp\htdocs\accounting\models\PajakList.php
C:\xampp\htdocs\accounting\models\PajakView.php
C:\xampp\htdocs\accounting\models\Pengiriman.php
C:\xampp\htdocs\accounting\models\PengirimanAdd.php
C:\xampp\htdocs\accounting\models\PengirimanDelete.php
C:\xampp\htdocs\accounting\models\PengirimanEdit.php
C:\xampp\htdocs\accounting\models\PengirimanList.php
C:\xampp\htdocs\accounting\models\PengirimanView.php
C:\xampp\htdocs\accounting\models\Periode.php
C:\xampp\htdocs\accounting\models\PeriodeAdd.php
C:\xampp\htdocs\accounting\models\PeriodeDelete.php
C:\xampp\htdocs\accounting\models\PeriodeEdit.php
C:\xampp\htdocs\accounting\models\PeriodeList.php
C:\xampp\htdocs\accounting\models\PeriodeView.php
C:\xampp\htdocs\accounting\models\Person.php
C:\xampp\htdocs\accounting\models\PersonAdd.php
C:\xampp\htdocs\accounting\models\PersonDelete.php
C:\xampp\htdocs\accounting\models\PersonEdit.php
C:\xampp\htdocs\accounting\models\PersonList.php
C:\xampp\htdocs\accounting\models\PersonView.php
C:\xampp\htdocs\accounting\models\Produk.php
C:\xampp\htdocs\accounting\models\ProdukAdd.php
C:\xampp\htdocs\accounting\models\ProdukDelete.php
C:\xampp\htdocs\accounting\models\ProdukEdit.php
C:\xampp\htdocs\accounting\models\ProdukList.php
C:\xampp\htdocs\accounting\models\ProdukView.php
C:\xampp\htdocs\accounting\models\Saldoawal.php
C:\xampp\htdocs\accounting\models\SaldoawalAdd.php
C:\xampp\htdocs\accounting\models\SaldoawalDelete.php
C:\xampp\htdocs\accounting\models\SaldoawalEdit.php
C:\xampp\htdocs\accounting\models\SaldoawalList.php
C:\xampp\htdocs\accounting\models\SaldoawalView.php
C:\xampp\htdocs\accounting\models\Satuan.php
C:\xampp\htdocs\accounting\models\SatuanAdd.php
C:\xampp\htdocs\accounting\models\SatuanDelete.php
C:\xampp\htdocs\accounting\models\SatuanEdit.php
C:\xampp\htdocs\accounting\models\SatuanList.php
C:\xampp\htdocs\accounting\models\SatuanView.php
C:\xampp\htdocs\accounting\models\Subgrup.php
C:\xampp\htdocs\accounting\models\SubgrupAdd.php
C:\xampp\htdocs\accounting\models\SubgrupDelete.php
C:\xampp\htdocs\accounting\models\SubgrupEdit.php
C:\xampp\htdocs\accounting\models\SubgrupList.php
C:\xampp\htdocs\accounting\models\SubgrupView.php
C:\xampp\htdocs\accounting\models\Tipejurnal.php
C:\xampp\htdocs\accounting\models\TipejurnalAdd.php
C:\xampp\htdocs\accounting\models\TipejurnalDelete.php
C:\xampp\htdocs\accounting\models\TipejurnalEdit.php
C:\xampp\htdocs\accounting\models\TipejurnalList.php
C:\xampp\htdocs\accounting\models\TipejurnalView.php
C:\xampp\htdocs\accounting\models\Top.php
C:\xampp\htdocs\accounting\models\TopAdd.php
C:\xampp\htdocs\accounting\models\TopDelete.php
C:\xampp\htdocs\accounting\models\TopEdit.php
C:\xampp\htdocs\accounting\models\TopList.php
C:\xampp\htdocs\accounting\models\TopView.php
C:\xampp\htdocs\accounting\models\Tos.php
C:\xampp\htdocs\accounting\models\TosAdd.php
C:\xampp\htdocs\accounting\models\TosDelete.php
C:\xampp\htdocs\accounting\models\TosEdit.php
C:\xampp\htdocs\accounting\models\TosList.php
C:\xampp\htdocs\accounting\models\TosView.php
C:\xampp\htdocs\accounting\models\Type.php
C:\xampp\htdocs\accounting\models\TypeAdd.php
C:\xampp\htdocs\accounting\models\TypeDelete.php
C:\xampp\htdocs\accounting\models\TypeEdit.php
C:\xampp\htdocs\accounting\models\TypeList.php
C:\xampp\htdocs\accounting\models\TypeView.php
C:\xampp\htdocs\accounting\package.json
C:\xampp\htdocs\accounting\package.json
C:\xampp\htdocs\accounting\src\AbstractController.php
C:\xampp\htdocs\accounting\src\AbstractController.php
C:\xampp\htdocs\accounting\src\AbstractEntity.php
C:\xampp\htdocs\accounting\src\AbstractEntity.php
C:\xampp\htdocs\accounting\src\AbstractExport.php
C:\xampp\htdocs\accounting\src\AbstractExport.php
C:\xampp\htdocs\accounting\src\AbstractExportBase.php
C:\xampp\htdocs\accounting\src\AbstractExportBase.php
C:\xampp\htdocs\accounting\src\AbstractTwoFactorAuthentication.php
C:\xampp\htdocs\accounting\src\AbstractTwoFactorAuthentication.php
C:\xampp\htdocs\accounting\src\AdvancedFilter.php
C:\xampp\htdocs\accounting\src\AdvancedFilter.php
C:\xampp\htdocs\accounting\src\AdvancedSearch.php
C:\xampp\htdocs\accounting\src\AdvancedSearch.php
C:\xampp\htdocs\accounting\src\AdvancedSecurity.php
C:\xampp\htdocs\accounting\src\AdvancedSecurity.php
C:\xampp\htdocs\accounting\src\Allow.php
C:\xampp\htdocs\accounting\src\Allow.php
C:\xampp\htdocs\accounting\src\ApiActionEvent.php
C:\xampp\htdocs\accounting\src\ApiActionEvent.php
C:\xampp\htdocs\accounting\src\ApiPermissionMiddleware.php
C:\xampp\htdocs\accounting\src\ApiPermissionMiddleware.php
C:\xampp\htdocs\accounting\src\Attributes.php
C:\xampp\htdocs\accounting\src\Attributes.php
C:\xampp\htdocs\accounting\src\Attributes\Delete.php
C:\xampp\htdocs\accounting\src\Attributes\Delete.php
C:\xampp\htdocs\accounting\src\Attributes\Get.php
C:\xampp\htdocs\accounting\src\Attributes\Get.php
C:\xampp\htdocs\accounting\src\Attributes\Map.php
C:\xampp\htdocs\accounting\src\Attributes\Map.php
C:\xampp\htdocs\accounting\src\Attributes\Options.php
C:\xampp\htdocs\accounting\src\Attributes\Options.php
C:\xampp\htdocs\accounting\src\Attributes\Patch.php
C:\xampp\htdocs\accounting\src\Attributes\Patch.php
C:\xampp\htdocs\accounting\src\Attributes\Post.php
C:\xampp\htdocs\accounting\src\Attributes\Post.php
C:\xampp\htdocs\accounting\src\Attributes\Put.php
C:\xampp\htdocs\accounting\src\Attributes\Put.php
C:\xampp\htdocs\accounting\src\AuditTrailHandler.php
C:\xampp\htdocs\accounting\src\AuditTrailHandler.php
C:\xampp\htdocs\accounting\src\AzureAD.php
C:\xampp\htdocs\accounting\src\AzureAD.php
C:\xampp\htdocs\accounting\src\BasicSearch.php
C:\xampp\htdocs\accounting\src\BasicSearch.php
C:\xampp\htdocs\accounting\src\Breadcrumb.php
C:\xampp\htdocs\accounting\src\Breadcrumb.php
C:\xampp\htdocs\accounting\src\BytesType.php
C:\xampp\htdocs\accounting\src\BytesType.php
C:\xampp\htdocs\accounting\src\CaptchaBase.php
C:\xampp\htdocs\accounting\src\CaptchaBase.php
C:\xampp\htdocs\accounting\src\CaptchaInterface.php
C:\xampp\htdocs\accounting\src\CaptchaInterface.php
C:\xampp\htdocs\accounting\src\ChartExporter.php
C:\xampp\htdocs\accounting\src\ChartExporter.php
C:\xampp\htdocs\accounting\src\ChartJsRenderer.php
C:\xampp\htdocs\accounting\src\ChartJsRenderer.php
C:\xampp\htdocs\accounting\src\ChartRendererInterface.php
C:\xampp\htdocs\accounting\src\ChartRendererInterface.php
C:\xampp\htdocs\accounting\src\ChartTypes.php
C:\xampp\htdocs\accounting\src\ChartTypes.php
C:\xampp\htdocs\accounting\src\ConfigurationEvent.php
C:\xampp\htdocs\accounting\src\ConfigurationEvent.php
C:\xampp\htdocs\accounting\src\ContainerBuildEvent.php
C:\xampp\htdocs\accounting\src\ContainerBuildEvent.php
C:\xampp\htdocs\accounting\src\CorsMiddleware.php
C:\xampp\htdocs\accounting\src\CorsMiddleware.php
C:\xampp\htdocs\accounting\src\CrosstabColumn.php
C:\xampp\htdocs\accounting\src\CrosstabColumn.php
C:\xampp\htdocs\accounting\src\CrosstabTable.php
C:\xampp\htdocs\accounting\src\CrosstabTable.php
C:\xampp\htdocs\accounting\src\CustomUploadHandler.php
C:\xampp\htdocs\accounting\src\CustomUploadHandler.php
C:\xampp\htdocs\accounting\src\DataType.php
C:\xampp\htdocs\accounting\src\DataType.php
C:\xampp\htdocs\accounting\src\DatabaseConnectedEvent.php
C:\xampp\htdocs\accounting\src\DatabaseConnectedEvent.php
C:\xampp\htdocs\accounting\src\DatabaseConnectingEvent.php
C:\xampp\htdocs\accounting\src\DatabaseConnectingEvent.php
C:\xampp\htdocs\accounting\src\DbChart.php
C:\xampp\htdocs\accounting\src\DbChart.php
C:\xampp\htdocs\accounting\src\DbField.php
C:\xampp\htdocs\accounting\src\DbField.php
C:\xampp\htdocs\accounting\src\DbTable.php
C:\xampp\htdocs\accounting\src\DbTable.php
C:\xampp\htdocs\accounting\src\DbTableBase.php
C:\xampp\htdocs\accounting\src\DbTableBase.php
C:\xampp\htdocs\accounting\src\DebugSqlLogger.php
C:\xampp\htdocs\accounting\src\DebugSqlLogger.php
C:\xampp\htdocs\accounting\src\Email.php
C:\xampp\htdocs\accounting\src\Email.php
C:\xampp\htdocs\accounting\src\EmailTwoFactorAuthentication.php
C:\xampp\htdocs\accounting\src\EmailTwoFactorAuthentication.php
C:\xampp\htdocs\accounting\src\EntityDescriptor.php
C:\xampp\htdocs\accounting\src\EntityDescriptor.php
C:\xampp\htdocs\accounting\src\Entity\Akun.php
C:\xampp\htdocs\accounting\src\Entity\Audittrail.php
C:\xampp\htdocs\accounting\src\Entity\Grup.php
C:\xampp\htdocs\accounting\src\Entity\Gudang.php
C:\xampp\htdocs\accounting\src\Entity\Jurnal.php
C:\xampp\htdocs\accounting\src\Entity\Jurnal.php
C:\xampp\htdocs\accounting\src\Entity\Jurnald.php
C:\xampp\htdocs\accounting\src\Entity\Jurnald.php
C:\xampp\htdocs\accounting\src\Entity\Jurnalka.php
C:\xampp\htdocs\accounting\src\Entity\Jurnalkasd.php
C:\xampp\htdocs\accounting\src\Entity\Kelompok.php
C:\xampp\htdocs\accounting\src\Entity\Klasifikasi.php
C:\xampp\htdocs\accounting\src\Entity\Konversi.php
C:\xampp\htdocs\accounting\src\Entity\Kur.php
C:\xampp\htdocs\accounting\src\Entity\Matauang.php
C:\xampp\htdocs\accounting\src\Entity\Note.php
C:\xampp\htdocs\accounting\src\Entity\Note.php
C:\xampp\htdocs\accounting\src\Entity\Pajak.php
C:\xampp\htdocs\accounting\src\Entity\Pengiriman.php
C:\xampp\htdocs\accounting\src\Entity\Periode.php
C:\xampp\htdocs\accounting\src\Entity\Person.php
C:\xampp\htdocs\accounting\src\Entity\Produk.php
C:\xampp\htdocs\accounting\src\Entity\Saldoawal.php
C:\xampp\htdocs\accounting\src\Entity\Satuan.php
C:\xampp\htdocs\accounting\src\Entity\Subgrup.php
C:\xampp\htdocs\accounting\src\Entity\Tipejurnal.php
C:\xampp\htdocs\accounting\src\Entity\To.php
C:\xampp\htdocs\accounting\src\Entity\Top.php
C:\xampp\htdocs\accounting\src\Entity\Type.php
C:\xampp\htdocs\accounting\src\ExportCsv.php
C:\xampp\htdocs\accounting\src\ExportCsv.php
C:\xampp\htdocs\accounting\src\ExportEmail.php
C:\xampp\htdocs\accounting\src\ExportEmail.php
C:\xampp\htdocs\accounting\src\ExportExcel.php
C:\xampp\htdocs\accounting\src\ExportExcel.php
C:\xampp\htdocs\accounting\src\ExportHandler.php
C:\xampp\htdocs\accounting\src\ExportHandler.php
C:\xampp\htdocs\accounting\src\ExportHtml.php
C:\xampp\htdocs\accounting\src\ExportHtml.php
C:\xampp\htdocs\accounting\src\ExportJson.php
C:\xampp\htdocs\accounting\src\ExportJson.php
C:\xampp\htdocs\accounting\src\ExportPdf.php
C:\xampp\htdocs\accounting\src\ExportPdf.php
C:\xampp\htdocs\accounting\src\ExportWord.php
C:\xampp\htdocs\accounting\src\ExportWord.php
C:\xampp\htdocs\accounting\src\ExportXml.php
C:\xampp\htdocs\accounting\src\ExportXml.php
C:\xampp\htdocs\accounting\src\FileUploadHandler.php
C:\xampp\htdocs\accounting\src\FileUploadHandler.php
C:\xampp\htdocs\accounting\src\FileViewer.php
C:\xampp\htdocs\accounting\src\FileViewer.php
C:\xampp\htdocs\accounting\src\ForceLogoutUserAction.php
C:\xampp\htdocs\accounting\src\ForceLogoutUserAction.php
C:\xampp\htdocs\accounting\src\GeographyType.php
C:\xampp\htdocs\accounting\src\GeographyType.php
C:\xampp\htdocs\accounting\src\GeometryType.php
C:\xampp\htdocs\accounting\src\GeometryType.php
C:\xampp\htdocs\accounting\src\HierarchyIdType.php
C:\xampp\htdocs\accounting\src\HierarchyIdType.php
C:\xampp\htdocs\accounting\src\HttpErrorHandler.php
C:\xampp\htdocs\accounting\src\HttpErrorHandler.php
C:\xampp\htdocs\accounting\src\HttpForm.php
C:\xampp\htdocs\accounting\src\HttpForm.php
C:\xampp\htdocs\accounting\src\HttpServiceUnavailableException.php
C:\xampp\htdocs\accounting\src\HttpServiceUnavailableException.php
C:\xampp\htdocs\accounting\src\HttpSession.php
C:\xampp\htdocs\accounting\src\HttpSession.php
C:\xampp\htdocs\accounting\src\HttpUpload.php
C:\xampp\htdocs\accounting\src\HttpUpload.php
C:\xampp\htdocs\accounting\src\JwtMiddleware.php
C:\xampp\htdocs\accounting\src\JwtMiddleware.php
C:\xampp\htdocs\accounting\src\Language.php
C:\xampp\htdocs\accounting\src\Language.php
C:\xampp\htdocs\accounting\src\LanguageLoadEvent.php
C:\xampp\htdocs\accounting\src\LanguageLoadEvent.php
C:\xampp\htdocs\accounting\src\LaravelSessionMiddleware.php
C:\xampp\htdocs\accounting\src\LaravelSessionMiddleware.php
C:\xampp\htdocs\accounting\src\LdapConn.php
C:\xampp\htdocs\accounting\src\LdapConn.php
C:\xampp\htdocs\accounting\src\ListAction.php
C:\xampp\htdocs\accounting\src\ListAction.php
C:\xampp\htdocs\accounting\src\ListActions.php
C:\xampp\htdocs\accounting\src\ListActions.php
C:\xampp\htdocs\accounting\src\ListOption.php
C:\xampp\htdocs\accounting\src\ListOption.php
C:\xampp\htdocs\accounting\src\ListOptions.php
C:\xampp\htdocs\accounting\src\ListOptions.php
C:\xampp\htdocs\accounting\src\ListOptionsArray.php
C:\xampp\htdocs\accounting\src\ListOptionsArray.php
C:\xampp\htdocs\accounting\src\LoginStatusEvent.php
C:\xampp\htdocs\accounting\src\LoginStatusEvent.php
C:\xampp\htdocs\accounting\src\Lookup.php
C:\xampp\htdocs\accounting\src\Lookup.php
C:\xampp\htdocs\accounting\src\MaintenanceMiddleware.php
C:\xampp\htdocs\accounting\src\MaintenanceMiddleware.php
C:\xampp\htdocs\accounting\src\Menu.php
C:\xampp\htdocs\accounting\src\Menu.php
C:\xampp\htdocs\accounting\src\MenuItem.php
C:\xampp\htdocs\accounting\src\MenuItem.php
C:\xampp\htdocs\accounting\src\MenuItemAddingEvent.php
C:\xampp\htdocs\accounting\src\MenuItemAddingEvent.php
C:\xampp\htdocs\accounting\src\MenuRenderedEvent.php
C:\xampp\htdocs\accounting\src\MenuRenderedEvent.php
C:\xampp\htdocs\accounting\src\MenuRenderingEvent.php
C:\xampp\htdocs\accounting\src\MenuRenderingEvent.php
C:\xampp\htdocs\accounting\src\MessagesTrait.php
C:\xampp\htdocs\accounting\src\MessagesTrait.php
C:\xampp\htdocs\accounting\src\NumericPager.php
C:\xampp\htdocs\accounting\src\NumericPager.php
C:\xampp\htdocs\accounting\src\OptionValues.php
C:\xampp\htdocs\accounting\src\OptionValues.php
C:\xampp\htdocs\accounting\src\PageLoadingEvent.php
C:\xampp\htdocs\accounting\src\PageLoadingEvent.php
C:\xampp\htdocs\accounting\src\PageRenderingEvent.php
C:\xampp\htdocs\accounting\src\PageRenderingEvent.php
C:\xampp\htdocs\accounting\src\PageUnloadedEvent.php
C:\xampp\htdocs\accounting\src\PageUnloadedEvent.php
C:\xampp\htdocs\accounting\src\Pager.php
C:\xampp\htdocs\accounting\src\Pager.php
C:\xampp\htdocs\accounting\src\PagerItem.php
C:\xampp\htdocs\accounting\src\PagerItem.php
C:\xampp\htdocs\accounting\src\PasswordHash.php
C:\xampp\htdocs\accounting\src\PasswordHash.php
C:\xampp\htdocs\accounting\src\PermissionMiddleware.php
C:\xampp\htdocs\accounting\src\PermissionMiddleware.php
C:\xampp\htdocs\accounting\src\PhpEncryption.php
C:\xampp\htdocs\accounting\src\PhpEncryption.php
C:\xampp\htdocs\accounting\src\PragmaRxTwoFactorAuthentication.php
C:\xampp\htdocs\accounting\src\PragmaRxTwoFactorAuthentication.php
C:\xampp\htdocs\accounting\src\PrevNextPager.php
C:\xampp\htdocs\accounting\src\PrevNextPager.php
C:\xampp\htdocs\accounting\src\PushNotification.php
C:\xampp\htdocs\accounting\src\PushNotification.php
C:\xampp\htdocs\accounting\src\ReportField.php
C:\xampp\htdocs\accounting\src\ReportField.php
C:\xampp\htdocs\accounting\src\ReportTable.php
C:\xampp\htdocs\accounting\src\ReportTable.php
C:\xampp\htdocs\accounting\src\ResendRegisterEmailAction.php
C:\xampp\htdocs\accounting\src\ResendRegisterEmailAction.php
C:\xampp\htdocs\accounting\src\ResetConcurrentUserAction.php
C:\xampp\htdocs\accounting\src\ResetConcurrentUserAction.php
C:\xampp\htdocs\accounting\src\ResetLoginRetryAction.php
C:\xampp\htdocs\accounting\src\ResetLoginRetryAction.php
C:\xampp\htdocs\accounting\src\ResetUserSecretAction.php
C:\xampp\htdocs\accounting\src\ResetUserSecretAction.php
C:\xampp\htdocs\accounting\src\RouteActionEvent.php
C:\xampp\htdocs\accounting\src\RouteActionEvent.php
C:\xampp\htdocs\accounting\src\RouteAttributes.php
C:\xampp\htdocs\accounting\src\RouteAttributes.php
C:\xampp\htdocs\accounting\src\RowSummary.php
C:\xampp\htdocs\accounting\src\RowSummary.php
C:\xampp\htdocs\accounting\src\RowTotal.php
C:\xampp\htdocs\accounting\src\RowTotal.php
C:\xampp\htdocs\accounting\src\RowType.php
C:\xampp\htdocs\accounting\src\RowType.php
C:\xampp\htdocs\accounting\src\Saml2.php
C:\xampp\htdocs\accounting\src\Saml2.php
C:\xampp\htdocs\accounting\src\SessionHandler.php
C:\xampp\htdocs\accounting\src\SessionHandler.php
C:\xampp\htdocs\accounting\src\SetPasswordExpiredAction.php
C:\xampp\htdocs\accounting\src\SetPasswordExpiredAction.php
C:\xampp\htdocs\accounting\src\Sms.php
C:\xampp\htdocs\accounting\src\Sms.php
C:\xampp\htdocs\accounting\src\SmsTwoFactorAuthentication.php
C:\xampp\htdocs\accounting\src\SmsTwoFactorAuthentication.php
C:\xampp\htdocs\accounting\src\SsoStateSessionStore.php
C:\xampp\htdocs\accounting\src\SsoStateSessionStore.php
C:\xampp\htdocs\accounting\src\SubPage.php
C:\xampp\htdocs\accounting\src\SubPage.php
C:\xampp\htdocs\accounting\src\SubPages.php
C:\xampp\htdocs\accounting\src\SubPages.php
C:\xampp\htdocs\accounting\src\SummaryField.php
C:\xampp\htdocs\accounting\src\SummaryField.php
C:\xampp\htdocs\accounting\src\Timer.php
C:\xampp\htdocs\accounting\src\Timer.php
C:\xampp\htdocs\accounting\src\TwoFactorAuthenticationInterface.php
C:\xampp\htdocs\accounting\src\TwoFactorAuthenticationInterface.php
C:\xampp\htdocs\accounting\src\UploadHandler.php
C:\xampp\htdocs\accounting\src\UploadHandler.php
C:\xampp\htdocs\accounting\src\UserProfile.php
C:\xampp\htdocs\accounting\src\UserProfile.php
C:\xampp\htdocs\accounting\src\XmlDocument.php
C:\xampp\htdocs\accounting\src\XmlDocument.php
C:\xampp\htdocs\accounting\src\apiroutes.php
C:\xampp\htdocs\accounting\src\apiroutes.php
C:\xampp\htdocs\accounting\src\config.development.php
C:\xampp\htdocs\accounting\src\config.development.php
C:\xampp\htdocs\accounting\src\config.php
C:\xampp\htdocs\accounting\src\config.php
C:\xampp\htdocs\accounting\src\config.production.php
C:\xampp\htdocs\accounting\src\config.production.php
C:\xampp\htdocs\accounting\src\constants.php
C:\xampp\htdocs\accounting\src\constants.php
C:\xampp\htdocs\accounting\src\definitions.php
C:\xampp\htdocs\accounting\src\definitions.php
C:\xampp\htdocs\accounting\src\phpfn.php
C:\xampp\htdocs\accounting\src\phpfn.php
C:\xampp\htdocs\accounting\src\routes.php
C:\xampp\htdocs\accounting\src\routes.php
C:\xampp\htdocs\accounting\src\userfn.php
C:\xampp\htdocs\accounting\src\userfn.php
C:\xampp\htdocs\accounting\src\userlevelsettings.php
C:\xampp\htdocs\accounting\src\userlevelsettings.php
C:\xampp\htdocs\accounting\views\AkunAdd.php
C:\xampp\htdocs\accounting\views\AkunDelete.php
C:\xampp\htdocs\accounting\views\AkunEdit.php
C:\xampp\htdocs\accounting\views\AkunList.php
C:\xampp\htdocs\accounting\views\AkunView.php
C:\xampp\htdocs\accounting\views\AudittrailAdd.php
C:\xampp\htdocs\accounting\views\AudittrailDelete.php
C:\xampp\htdocs\accounting\views\AudittrailEdit.php
C:\xampp\htdocs\accounting\views\AudittrailList.php
C:\xampp\htdocs\accounting\views\AudittrailView.php
C:\xampp\htdocs\accounting\views\Error.php
C:\xampp\htdocs\accounting\views\Error.php
C:\xampp\htdocs\accounting\views\GrupAdd.php
C:\xampp\htdocs\accounting\views\GrupDelete.php
C:\xampp\htdocs\accounting\views\GrupEdit.php
C:\xampp\htdocs\accounting\views\GrupList.php
C:\xampp\htdocs\accounting\views\GrupView.php
C:\xampp\htdocs\accounting\views\GudangAdd.php
C:\xampp\htdocs\accounting\views\GudangDelete.php
C:\xampp\htdocs\accounting\views\GudangEdit.php
C:\xampp\htdocs\accounting\views\GudangList.php
C:\xampp\htdocs\accounting\views\GudangView.php
C:\xampp\htdocs\accounting\views\Home.php
C:\xampp\htdocs\accounting\views\JurnalAdd.php
C:\xampp\htdocs\accounting\views\JurnalAdd.php
C:\xampp\htdocs\accounting\views\JurnalDelete.php
C:\xampp\htdocs\accounting\views\JurnalDelete.php
C:\xampp\htdocs\accounting\views\JurnalEdit.php
C:\xampp\htdocs\accounting\views\JurnalEdit.php
C:\xampp\htdocs\accounting\views\JurnalList.php
C:\xampp\htdocs\accounting\views\JurnalList.php
C:\xampp\htdocs\accounting\views\JurnalMaster.php
C:\xampp\htdocs\accounting\views\JurnalMaster.php
C:\xampp\htdocs\accounting\views\JurnalView.php
C:\xampp\htdocs\accounting\views\JurnalView.php
C:\xampp\htdocs\accounting\views\JurnaldAdd.php
C:\xampp\htdocs\accounting\views\JurnaldAdd.php
C:\xampp\htdocs\accounting\views\JurnaldDelete.php
C:\xampp\htdocs\accounting\views\JurnaldDelete.php
C:\xampp\htdocs\accounting\views\JurnaldEdit.php
C:\xampp\htdocs\accounting\views\JurnaldEdit.php
C:\xampp\htdocs\accounting\views\JurnaldGrid.php
C:\xampp\htdocs\accounting\views\JurnaldGrid.php
C:\xampp\htdocs\accounting\views\JurnaldList.php
C:\xampp\htdocs\accounting\views\JurnaldList.php
C:\xampp\htdocs\accounting\views\JurnaldView.php
C:\xampp\htdocs\accounting\views\JurnaldView.php
C:\xampp\htdocs\accounting\views\JurnalkasAdd.php
C:\xampp\htdocs\accounting\views\JurnalkasDelete.php
C:\xampp\htdocs\accounting\views\JurnalkasEdit.php
C:\xampp\htdocs\accounting\views\JurnalkasList.php
C:\xampp\htdocs\accounting\views\JurnalkasMaster.php
C:\xampp\htdocs\accounting\views\JurnalkasView.php
C:\xampp\htdocs\accounting\views\JurnalkasdAdd.php
C:\xampp\htdocs\accounting\views\JurnalkasdDelete.php
C:\xampp\htdocs\accounting\views\JurnalkasdEdit.php
C:\xampp\htdocs\accounting\views\JurnalkasdGrid.php
C:\xampp\htdocs\accounting\views\JurnalkasdList.php
C:\xampp\htdocs\accounting\views\JurnalkasdView.php
C:\xampp\htdocs\accounting\views\KelompokAdd.php
C:\xampp\htdocs\accounting\views\KelompokDelete.php
C:\xampp\htdocs\accounting\views\KelompokEdit.php
C:\xampp\htdocs\accounting\views\KelompokList.php
C:\xampp\htdocs\accounting\views\KelompokView.php
C:\xampp\htdocs\accounting\views\KlasifikasiAdd.php
C:\xampp\htdocs\accounting\views\KlasifikasiDelete.php
C:\xampp\htdocs\accounting\views\KlasifikasiEdit.php
C:\xampp\htdocs\accounting\views\KlasifikasiList.php
C:\xampp\htdocs\accounting\views\KlasifikasiView.php
C:\xampp\htdocs\accounting\views\KonversiAdd.php
C:\xampp\htdocs\accounting\views\KonversiDelete.php
C:\xampp\htdocs\accounting\views\KonversiEdit.php
C:\xampp\htdocs\accounting\views\KonversiList.php
C:\xampp\htdocs\accounting\views\KonversiView.php
C:\xampp\htdocs\accounting\views\KursAdd.php
C:\xampp\htdocs\accounting\views\KursDelete.php
C:\xampp\htdocs\accounting\views\KursEdit.php
C:\xampp\htdocs\accounting\views\KursList.php
C:\xampp\htdocs\accounting\views\KursView.php
C:\xampp\htdocs\accounting\views\MatauangAdd.php
C:\xampp\htdocs\accounting\views\MatauangDelete.php
C:\xampp\htdocs\accounting\views\MatauangEdit.php
C:\xampp\htdocs\accounting\views\MatauangList.php
C:\xampp\htdocs\accounting\views\MatauangView.php
C:\xampp\htdocs\accounting\views\NoteAdd.php
C:\xampp\htdocs\accounting\views\NoteAdd.php
C:\xampp\htdocs\accounting\views\NoteDelete.php
C:\xampp\htdocs\accounting\views\NoteDelete.php
C:\xampp\htdocs\accounting\views\NoteEdit.php
C:\xampp\htdocs\accounting\views\NoteEdit.php
C:\xampp\htdocs\accounting\views\NoteList.php
C:\xampp\htdocs\accounting\views\NoteList.php
C:\xampp\htdocs\accounting\views\NoteView.php
C:\xampp\htdocs\accounting\views\NoteView.php
C:\xampp\htdocs\accounting\views\PajakAdd.php
C:\xampp\htdocs\accounting\views\PajakDelete.php
C:\xampp\htdocs\accounting\views\PajakEdit.php
C:\xampp\htdocs\accounting\views\PajakList.php
C:\xampp\htdocs\accounting\views\PajakView.php
C:\xampp\htdocs\accounting\views\PengirimanAdd.php
C:\xampp\htdocs\accounting\views\PengirimanDelete.php
C:\xampp\htdocs\accounting\views\PengirimanEdit.php
C:\xampp\htdocs\accounting\views\PengirimanList.php
C:\xampp\htdocs\accounting\views\PengirimanView.php
C:\xampp\htdocs\accounting\views\PeriodeAdd.php
C:\xampp\htdocs\accounting\views\PeriodeDelete.php
C:\xampp\htdocs\accounting\views\PeriodeEdit.php
C:\xampp\htdocs\accounting\views\PeriodeList.php
C:\xampp\htdocs\accounting\views\PeriodeView.php
C:\xampp\htdocs\accounting\views\PersonAdd.php
C:\xampp\htdocs\accounting\views\PersonDelete.php
C:\xampp\htdocs\accounting\views\PersonEdit.php
C:\xampp\htdocs\accounting\views\PersonList.php
C:\xampp\htdocs\accounting\views\PersonView.php
C:\xampp\htdocs\accounting\views\ProdukAdd.php
C:\xampp\htdocs\accounting\views\ProdukDelete.php
C:\xampp\htdocs\accounting\views\ProdukEdit.php
C:\xampp\htdocs\accounting\views\ProdukList.php
C:\xampp\htdocs\accounting\views\ProdukView.php
C:\xampp\htdocs\accounting\views\SaldoawalAdd.php
C:\xampp\htdocs\accounting\views\SaldoawalDelete.php
C:\xampp\htdocs\accounting\views\SaldoawalEdit.php
C:\xampp\htdocs\accounting\views\SaldoawalList.php
C:\xampp\htdocs\accounting\views\SaldoawalView.php
C:\xampp\htdocs\accounting\views\SatuanAdd.php
C:\xampp\htdocs\accounting\views\SatuanDelete.php
C:\xampp\htdocs\accounting\views\SatuanEdit.php
C:\xampp\htdocs\accounting\views\SatuanList.php
C:\xampp\htdocs\accounting\views\SatuanView.php
C:\xampp\htdocs\accounting\views\SubgrupAdd.php
C:\xampp\htdocs\accounting\views\SubgrupDelete.php
C:\xampp\htdocs\accounting\views\SubgrupEdit.php
C:\xampp\htdocs\accounting\views\SubgrupList.php
C:\xampp\htdocs\accounting\views\SubgrupView.php
C:\xampp\htdocs\accounting\views\TipejurnalAdd.php
C:\xampp\htdocs\accounting\views\TipejurnalDelete.php
C:\xampp\htdocs\accounting\views\TipejurnalEdit.php
C:\xampp\htdocs\accounting\views\TipejurnalList.php
C:\xampp\htdocs\accounting\views\TipejurnalView.php
C:\xampp\htdocs\accounting\views\TopAdd.php
C:\xampp\htdocs\accounting\views\TopDelete.php
C:\xampp\htdocs\accounting\views\TopEdit.php
C:\xampp\htdocs\accounting\views\TopList.php
C:\xampp\htdocs\accounting\views\TopView.php
C:\xampp\htdocs\accounting\views\TosAdd.php
C:\xampp\htdocs\accounting\views\TosDelete.php
C:\xampp\htdocs\accounting\views\TosEdit.php
C:\xampp\htdocs\accounting\views\TosList.php
C:\xampp\htdocs\accounting\views\TosView.php
C:\xampp\htdocs\accounting\views\TypeAdd.php
C:\xampp\htdocs\accounting\views\TypeDelete.php
C:\xampp\htdocs\accounting\views\TypeEdit.php
C:\xampp\htdocs\accounting\views\TypeList.php
C:\xampp\htdocs\accounting\views\TypeView.php
C:\xampp\htdocs\accounting\views\email.php
C:\xampp\htdocs\accounting\views\email.php
C:\xampp\htdocs\accounting\views\layout.php
C:\xampp\htdocs\accounting\views\layout.php
C:\xampp\htdocs\accounting\views\menu.php
C:\xampp\htdocs\accounting\views\menu.php
C:\xampp\htdocs\accounting\views\swagger.php
C:\xampp\htdocs\accounting\views\swagger.php
C:\xampp\htdocs\accounting\web.config